2024-12-14 14:16:13,055 - Error 'combination_has_open_grinding' count changed by 1. New count: 1
2024-12-14 14:16:23,255 - Error 'combination_has_open_grinding' count changed by -1. New count: 0
2024-12-14 14:17:01,580 - Update 'combination_has_open_grinding' count changed by 1. New count: 1
2024-12-16 16:42:07,344 - Update 'DTQC1012' count changed by 1. New count: 1
2024-12-16 16:42:08,535 - Update 'DTQC1012' count changed by 1. New count: 2
2024-12-16 16:42:09,415 - Update 'DTQC1012' count changed by 1. New count: 3
2024-12-16 16:42:10,311 - Update 'DTQC1012' count changed by -1. New count: 2
2024-12-16 16:42:16,344 - Update 'DTQC1012' count changed by 1. New count: 3
2024-12-16 16:42:16,528 - Update 'DTQC1012' count changed by 1. New count: 4
2024-12-16 16:43:03,671 - Update 'DTQC1012' count changed by 1. New count: 1
2024-12-16 16:43:06,032 - Update 'DTQC1012' count changed by 1. New count: 2
2024-12-16 16:43:07,414 - Update 'DTQC1012' count changed by 1. New count: 3
2024-12-16 16:43:08,839 - Update 'DTQC1012' count changed by 1. New count: 4
2024-12-16 16:43:09,512 - Update 'DTQC1012' count changed by 1. New count: 5
2024-12-16 16:43:10,279 - Update 'DTQC1012' count changed by 1. New count: 6
2024-12-16 16:43:11,335 - Update 'DTQC1012' count changed by 1. New count: 7
2024-12-16 16:43:11,743 - Update 'DTQC1012' count changed by 1. New count: 8
2024-12-16 16:43:12,000 - Update 'DTQC1012' count changed by 1. New count: 9
2024-12-16 16:43:47,711 - Update 'DTQC1012' count changed by 1. New count: 10
2024-12-16 16:43:48,528 - Update 'DTQC1012' count changed by 1. New count: 11
2024-12-16 16:43:59,118 - Update 'DTQC1012' count changed by 1. New count: 12
2024-12-16 16:43:59,960 - Update 'DTQC1012' count changed by -1. New count: 11
2024-12-16 16:44:00,191 - Update 'DTQC1012' count changed by -1. New count: 10
2024-12-16 16:45:09,286 - Update 'DTQC1012' count changed by 1. New count: 1
2024-12-16 16:46:31,990 - Update 'DTQC1012' count changed by 1. New count: 1
2024-12-16 16:46:33,780 - Update 'DTQC1012' count changed by 1. New count: 2
2024-12-16 16:50:42,604 - Update 'DTQC1018' count changed by 1. New count: 1
2024-12-16 16:50:45,017 - Update 'DTQC1015' count changed by 1. New count: 1
2024-12-16 16:50:45,953 - Update 'DTQC1001' count changed by 1. New count: 1
2024-12-16 16:50:46,875 - Update 'DTQC1013' count changed by 1. New count: 1
2024-12-16 16:50:47,819 - Update 'DTQC1004' count changed by 1. New count: 1
2024-12-16 16:50:52,522 - Update 'DTQC1014' count changed by 1. New count: 1
2024-12-16 16:51:41,427 - Update 'DTQC1009' count changed by 1. New count: 1
